<?xml version="1.0" encoding="UTF-8"?>
<!-- Generated by org.testng.reporters.JUnitReportReporter -->
<testsuite hostname="Kratikas-MacBook-Air.local" failures="0" tests="1" name="Constructor.PS" time="0.015" errors="0" timestamp="2023-07-28T13:06:25 IST" skipped="0">
  <testcase classname="Constructor.PS" name="testRun" time="0.015"/>
</testsuite> <!-- Constructor.PS -->
